---------------------------------------
Begin Slurm Prolog: Apr-06-2026 23:32:50
Job ID:    6305055
User ID:   jueda3
Account:   gts-jueda3
Job name:  di_sweep
Partition: gpu-h100
QOS:       inferno
---------------------------------------
=== Pre-flight check ===
ROOT_DIR: /storage/project/r-jueda3-0/jueda3/MRE_OAGH_test/MinimalCode_3_5_2026/root
DATA_DIR: /storage/home/hcoda1/2/jueda3/r-jueda3-0/MRE_OAGH_test/MinimalCode_3_5_2026/Data
-rw-r--r--. 1 jueda3 pace-jueda3 18059 Apr  6 13:26 /storage/project/r-jueda3-0/jueda3/MRE_OAGH_test/MinimalCode_3_5_2026/root/losses/homogeneous.py
=== Config: DIRECT INVERSION PARAMETER SWEEP ===
Running command:
apptainer exec --nv --env PYTHONPATH=/storage/project/r-jueda3-0/jueda3/MRE_OAGH_test/MinimalCode_3_5_2026/root --bind /storage /usr/local/pace-apps/manual/packages/ngc-images/pytorch-2.1.0.sif python /storage/project/r-jueda3-0/jueda3/MRE_OAGH_test/MinimalCode_3_5_2026/root/Slurm_Training/run_direct_inversion.py --test-dirs /storage/home/hcoda1/2/jueda3/r-jueda3-0/MRE_OAGH_test/MinimalCode_3_5_2026/Data/Test/pt_files/ /storage/home/hcoda1/2/jueda3/r-jueda3-0/MRE_OAGH_test/MinimalCode_3_5_2026/Data/Inclusion/R0_3125cm/pt_files/ /storage/home/hcoda1/2/jueda3/r-jueda3-0/MRE_OAGH_test/MinimalCode_3_5_2026/Data/Inclusion/R0_625cm/pt_files/ /storage/home/hcoda1/2/jueda3/r-jueda3-0/MRE_OAGH_test/MinimalCode_3_5_2026/Data/Inclusion/R1_25cm/pt_files/ /storage/home/hcoda1/2/jueda3/r-jueda3-0/MRE_OAGH_test/MinimalCode_3_5_2026/Data/Inclusion/R2_5cm/pt_files/ --output-dir /storage/project/r-jueda3-0/jueda3/MRE_OAGH_test/MinimalCode_3_5_2026/Model_Logs/DirectInversion_sweep_20260406_233251 --fov 0.2 --offsets 8 --snr-levels 30 25 20 15 --k-filter-sweep 200 300 500 700 1000 --medfilt-sweep 3 5 7

Sweep: 5 k_filter values x 3 medfilt kernels = 15 configurations
Each config evaluates 5 datasets x 4 SNR levels = 20 conditions
Total: 300 evaluation runs

Loading datasets...
  [pt_files] Found 1000 .pt files
  [pt_files] Found 100 .pt files
  [pt_files] Found 100 .pt files
  [pt_files] Found 100 .pt files
  [pt_files] Found 100 .pt files
Loaded 5 datasets.


############################################################
  CONFIG 1/15: k_filter=200.0, medfilt=3
############################################################

============================================================
Config: k_filter=200, medfilt=3  |  Dataset: pt_files
============================================================
Traceback (most recent call last):
  File "/storage/project/r-jueda3-0/jueda3/MRE_OAGH_test/MinimalCode_3_5_2026/root/Slurm_Training/run_direct_inversion.py", line 428, in <module>
    run_sweep(
  File "/storage/project/r-jueda3-0/jueda3/MRE_OAGH_test/MinimalCode_3_5_2026/root/Slurm_Training/run_direct_inversion.py", line 347, in run_sweep
    rows = evaluate_direct_inversion(
  File "/storage/project/r-jueda3-0/jueda3/MRE_OAGH_test/MinimalCode_3_5_2026/root/Slurm_Training/run_direct_inversion.py", line 263, in evaluate_direct_inversion
    sm_np[b] = medfilt2d(sm_np[b], kernel_size=medfilt_kernel)
  File "/storage/home/hcoda1/2/jueda3/.local/lib/python3.10/site-packages/scipy/signal/_signaltools.py", line 1977, in medfilt2d
    return _sigtools._medfilt2d(image, kernel_size)
ValueError: object too deep for desired array
srun: error: atl1-1-01-006-19-0: task 0: Exited with exit code 1
---------------------------------------
Begin Slurm Epilog: Apr-06-2026 23:33:11
Job ID:        6305055
User ID:       jueda3
Account:       gts-jueda3
Job name:      di_sweep
Resources:     cpu=8,gres/gpu:h100=1,mem=40G,node=1
Rsrc Used:     cput=00:02:56,vmem=0,walltime=00:00:22,mem=9796K,energy_used=0
Partition:     gpu-h100
QOS:           inferno
Nodes:         atl1-1-01-006-19-0
---------------------------------------
