---------------------------------------
Begin Slurm Prolog: Apr-09-2026 09:59:15
Job ID:    6349175
User ID:   jueda3
Account:   gts-jueda3
Job name:  di_sweep
Partition: gpu-h100
QOS:       inferno
---------------------------------------
=== Pre-flight check ===
ROOT_DIR: /storage/project/r-jueda3-0/jueda3/MRE_OAGH_test/MinimalCode_3_5_2026/root
DATA_DIR: /storage/home/hcoda1/2/jueda3/r-jueda3-0/MRE_OAGH_test/MinimalCode_3_5_2026/Data
-rw-r--r--. 1 jueda3 pace-jueda3 18059 Apr  6 13:26 /storage/project/r-jueda3-0/jueda3/MRE_OAGH_test/MinimalCode_3_5_2026/root/losses/homogeneous.py
=== Config: DIRECT INVERSION PARAMETER SWEEP ===
Running command:
apptainer exec --nv --env PYTHONPATH=/storage/project/r-jueda3-0/jueda3/MRE_OAGH_test/MinimalCode_3_5_2026/root --bind /storage /usr/local/pace-apps/manual/packages/ngc-images/pytorch-2.1.0.sif python /storage/project/r-jueda3-0/jueda3/MRE_OAGH_test/MinimalCode_3_5_2026/root/Slurm_Training/run_direct_inversion.py --test-dirs /storage/home/hcoda1/2/jueda3/r-jueda3-0/MRE_OAGH_test/MinimalCode_3_5_2026/Data/Test/pt_files/ /storage/home/hcoda1/2/jueda3/r-jueda3-0/MRE_OAGH_test/MinimalCode_3_5_2026/Data/Inclusion/R0_3125cm/pt_files/ /storage/home/hcoda1/2/jueda3/r-jueda3-0/MRE_OAGH_test/MinimalCode_3_5_2026/Data/Inclusion/R0_625cm/pt_files/ /storage/home/hcoda1/2/jueda3/r-jueda3-0/MRE_OAGH_test/MinimalCode_3_5_2026/Data/Inclusion/R1_25cm/pt_files/ /storage/home/hcoda1/2/jueda3/r-jueda3-0/MRE_OAGH_test/MinimalCode_3_5_2026/Data/Inclusion/R2_5cm/pt_files/ --output-dir /storage/project/r-jueda3-0/jueda3/MRE_OAGH_test/MinimalCode_3_5_2026/Model_Logs/DirectInversion_sweep_20260409_095916 --fov 0.2 --offsets 8 --snr-levels 30 25 20 15 --k-filter-sweep 200 300 500 700 1000 --medfilt-sweep 3 5 7

Sweep: 5 k_filter values x 3 medfilt kernels = 15 configurations
Each config evaluates 5 datasets x 4 SNR levels = 20 conditions
Total: 300 evaluation runs

/storage/project/r-jueda3-0/jueda3/MRE_OAGH_test/MinimalCode_3_5_2026/root/Slurm_Training/run_direct_inversion.py:272: UserWarning: To copy construct from a tensor, it is recommended to use sourceTensor.clone().detach() or sourceTensor.clone().detach().requires_grad_(True), rather than torch.tensor(sourceTensor).
  mu_gt_t = torch.tensor(mu_gt_np).float()
Loading datasets...
  [pt_files] Found 1000 .pt files
  [pt_files] Found 100 .pt files
  [pt_files] Found 100 .pt files
  [pt_files] Found 100 .pt files
  [pt_files] Found 100 .pt files
Loaded 5 datasets.


############################################################
  CONFIG 1/15: k_filter=200.0, medfilt=3
############################################################

============================================================
Config: k_filter=200, medfilt=3  |  Dataset: pt_files
============================================================
  SNR=30dB  |  mae_k=   83.7403  mae_mu=21129.1577  time=20.9s
  SNR=25dB  |  mae_k=   84.1893  mae_mu=19364.4445  time=21.0s
  SNR=20dB  |  mae_k=   85.2194  mae_mu=18294.9859  time=21.4s
  SNR=15dB  |  mae_k=   87.4887  mae_mu=18497.5976  time=21.7s

============================================================
Config: k_filter=200, medfilt=3  |  Dataset: pt_files
============================================================
  SNR=30dB  |  mae_k=  159.2517  mae_mu=12897.8898  time=2.1s
  SNR=25dB  |  mae_k=  159.4519  mae_mu=12928.0959  time=2.1s
  SNR=20dB  |  mae_k=  159.9686  mae_mu=13048.3304  time=2.2s
  SNR=15dB  |  mae_k=  160.9309  mae_mu=13388.1803  time=2.2s

============================================================
Config: k_filter=200, medfilt=3  |  Dataset: pt_files
============================================================
  SNR=30dB  |  mae_k=  153.2262  mae_mu=13275.1297  time=2.0s
  SNR=25dB  |  mae_k=  153.3107  mae_mu=13244.7234  time=2.1s
  SNR=20dB  |  mae_k=  153.6077  mae_mu=13174.9906  time=2.2s
  SNR=15dB  |  mae_k=  154.2980  mae_mu=13325.0816  time=2.2s

============================================================
Config: k_filter=200, medfilt=3  |  Dataset: pt_files
============================================================
  SNR=30dB  |  mae_k=  142.6666  mae_mu=13188.6833  time=2.0s
  SNR=25dB  |  mae_k=  142.7479  mae_mu=13076.3158  time=2.1s
  SNR=20dB  |  mae_k=  143.0172  mae_mu=12982.0824  time=2.1s
  SNR=15dB  |  mae_k=  143.6832  mae_mu=13033.6171  time=2.2s

============================================================
Config: k_filter=200, medfilt=3  |  Dataset: pt_files
============================================================
  SNR=30dB  |  mae_k=  123.2700  mae_mu=11703.6503  time=2.0s
  SNR=25dB  |  mae_k=  123.3345  mae_mu=11587.9169  time=2.1s
  SNR=20dB  |  mae_k=  123.5809  mae_mu=11536.4226  time=2.2s
  SNR=15dB  |  mae_k=  124.2062  mae_mu=11633.2040  time=2.2s

############################################################
  CONFIG 2/15: k_filter=200.0, medfilt=5
############################################################

============================================================
Config: k_filter=200, medfilt=5  |  Dataset: pt_files
============================================================
  SNR=30dB  |  mae_k=   83.7430  mae_mu=15115.1972  time=35.9s
  SNR=25dB  |  mae_k=   84.1871  mae_mu=14554.4458  time=37.3s
  SNR=20dB  |  mae_k=   85.2209  mae_mu=14301.4320  time=38.5s
  SNR=15dB  |  mae_k=   87.4884  mae_mu=14870.9290  time=39.3s

============================================================
Config: k_filter=200, medfilt=5  |  Dataset: pt_files
============================================================
  SNR=30dB  |  mae_k=  159.2474  mae_mu=12766.9490  time=3.7s
  SNR=25dB  |  mae_k=  159.4538  mae_mu=12791.2909  time=3.8s
  SNR=20dB  |  mae_k=  159.9692  mae_mu=12881.3193  time=3.9s
  SNR=15dB  |  mae_k=  160.9318  mae_mu=13131.5068  time=4.0s

============================================================
Config: k_filter=200, medfilt=5  |  Dataset: pt_files
============================================================
  SNR=30dB  |  mae_k=  153.2217  mae_mu=12753.5294  time=3.5s
  SNR=25dB  |  mae_k=  153.3147  mae_mu=12743.5600  time=3.8s
  SNR=20dB  |  mae_k=  153.6130  mae_mu=12758.9076  time=3.9s
  SNR=15dB  |  mae_k=  154.3070  mae_mu=12872.4957  time=4.0s

============================================================
Config: k_filter=200, medfilt=5  |  Dataset: pt_files
============================================================
  SNR=30dB  |  mae_k=  142.6624  mae_mu=12363.0494  time=3.5s
  SNR=25dB  |  mae_k=  142.7389  mae_mu=12316.9119  time=3.7s
  SNR=20dB  |  mae_k=  143.0157  mae_mu=12328.9173  time=3.9s
  SNR=15dB  |  mae_k=  143.6796  mae_mu=12438.9956  time=4.0s

============================================================
Config: k_filter=200, medfilt=5  |  Dataset: pt_files
============================================================
  SNR=30dB  |  mae_k=  123.2676  mae_mu=10993.8740  time=3.5s
  SNR=25dB  |  mae_k=  123.3475  mae_mu=10985.8017  time=3.7s
  SNR=20dB  |  mae_k=  123.5802  mae_mu=10991.5908  time=3.9s
  SNR=15dB  |  mae_k=  124.2028  mae_mu=11088.7305  time=4.0s

############################################################
  CONFIG 3/15: k_filter=200.0, medfilt=7
############################################################

============================================================
Config: k_filter=200, medfilt=7  |  Dataset: pt_files
============================================================
  SNR=30dB  |  mae_k=   83.7413  mae_mu=12969.3371  time=54.1s
  SNR=25dB  |  mae_k=   84.1903  mae_mu=12704.2562  time=56.5s
  SNR=20dB  |  mae_k=   85.2156  mae_mu=12673.2936  time=58.4s
  SNR=15dB  |  mae_k=   87.4898  mae_mu=13423.8007  time=59.7s

============================================================
Config: k_filter=200, medfilt=7  |  Dataset: pt_files
============================================================
  SNR=30dB  |  mae_k=  159.2497  mae_mu=12731.0484  time=5.4s
  SNR=25dB  |  mae_k=  159.4571  mae_mu=12753.5949  time=5.7s
  SNR=20dB  |  mae_k=  159.9670  mae_mu=12823.4384  time=6.0s
  SNR=15dB  |  mae_k=  160.9350  mae_mu=13025.3921  time=6.1s

============================================================
Config: k_filter=200, medfilt=7  |  Dataset: pt_files
============================================================
  SNR=30dB  |  mae_k=  153.2291  mae_mu=12573.9812  time=5.2s
  SNR=25dB  |  mae_k=  153.3107  mae_mu=12572.5152  time=5.6s
  SNR=20dB  |  mae_k=  153.6047  mae_mu=12599.5629  time=5.9s
  SNR=15dB  |  mae_k=  154.2944  mae_mu=12714.6284  time=6.0s

============================================================
Config: k_filter=200, medfilt=7  |  Dataset: pt_files
============================================================
  SNR=30dB  |  mae_k=  142.6682  mae_mu=12083.3491  time=5.2s
  SNR=25dB  |  mae_k=  142.7415  mae_mu=12084.5524  time=5.5s
  SNR=20dB  |  mae_k=  143.0245  mae_mu=12105.3081  time=5.8s
  SNR=15dB  |  mae_k=  143.6788  mae_mu=12212.4783  time=6.0s

============================================================
Config: k_filter=200, medfilt=7  |  Dataset: pt_files
============================================================
  SNR=30dB  |  mae_k=  123.2669  mae_mu=10767.9896  time=5.2s
  SNR=25dB  |  mae_k=  123.3302  mae_mu=10767.6592  time=5.6s
  SNR=20dB  |  mae_k=  123.5805  mae_mu=10793.7951  time=5.8s
  SNR=15dB  |  mae_k=  124.1970  mae_mu=10899.1634  time=6.0s

############################################################
  CONFIG 4/15: k_filter=300.0, medfilt=3
############################################################

============================================================
Config: k_filter=300, medfilt=3  |  Dataset: pt_files
============================================================
  SNR=30dB  |  mae_k=   49.9451  mae_mu=10196.5700  time=20.3s
  SNR=25dB  |  mae_k=   50.5781  mae_mu= 9048.3781  time=20.8s
  SNR=20dB  |  mae_k=   52.1050  mae_mu= 7721.1302  time=21.3s
  SNR=15dB  |  mae_k=   55.3590  mae_mu= 7459.1281  time=21.7s

============================================================
Config: k_filter=300, medfilt=3  |  Dataset: pt_files
============================================================
  SNR=30dB  |  mae_k=   79.6760  mae_mu= 2894.5891  time=2.1s
  SNR=25dB  |  mae_k=   79.7050  mae_mu= 2892.4899  time=2.2s
  SNR=20dB  |  mae_k=   80.0603  mae_mu= 2926.4530  time=2.2s
  SNR=15dB  |  mae_k=   81.0910  mae_mu= 3064.1194  time=2.2s

============================================================
Config: k_filter=300, medfilt=3  |  Dataset: pt_files
============================================================
  SNR=30dB  |  mae_k=   75.2470  mae_mu= 2869.8929  time=2.1s
  SNR=25dB  |  mae_k=   75.2436  mae_mu= 2842.8593  time=2.1s
  SNR=20dB  |  mae_k=   75.4678  mae_mu= 2847.4966  time=2.2s
  SNR=15dB  |  mae_k=   76.2750  mae_mu= 2910.9604  time=2.2s

============================================================
Config: k_filter=300, medfilt=3  |  Dataset: pt_files
============================================================
  SNR=30dB  |  mae_k=   70.6795  mae_mu= 3452.2743  time=2.0s
  SNR=25dB  |  mae_k=   70.6624  mae_mu= 3423.1008  time=2.1s
  SNR=20dB  |  mae_k=   70.8738  mae_mu= 3335.4106  time=2.2s
  SNR=15dB  |  mae_k=   71.6568  mae_mu= 3332.2024  time=2.2s

============================================================
Config: k_filter=300, medfilt=3  |  Dataset: pt_files
============================================================
  SNR=30dB  |  mae_k=   59.8686  mae_mu= 3891.7316  time=2.0s
  SNR=25dB  |  mae_k=   59.8717  mae_mu= 3697.6870  time=2.1s
  SNR=20dB  |  mae_k=   60.0785  mae_mu= 3553.8910  time=2.2s
  SNR=15dB  |  mae_k=   60.8239  mae_mu= 3472.3841  time=2.2s

############################################################
  CONFIG 5/15: k_filter=300.0, medfilt=5
############################################################

============================================================
Config: k_filter=300, medfilt=5  |  Dataset: pt_files
============================================================
  SNR=30dB  |  mae_k=   49.9397  mae_mu= 6248.3700  time=35.6s
  SNR=25dB  |  mae_k=   50.5785  mae_mu= 5654.5735  time=37.2s
  SNR=20dB  |  mae_k=   52.1023  mae_mu= 5250.5265  time=38.4s
  SNR=15dB  |  mae_k=   55.3512  mae_mu= 5248.3335  time=39.2s

============================================================
Config: k_filter=300, medfilt=5  |  Dataset: pt_files
============================================================
  SNR=30dB  |  mae_k=   79.6659  mae_mu= 2766.5262  time=3.7s
  SNR=25dB  |  mae_k=   79.6940  mae_mu= 2768.7077  time=3.9s
  SNR=20dB  |  mae_k=   80.0597  mae_mu= 2797.9734  time=4.0s
  SNR=15dB  |  mae_k=   81.1014  mae_mu= 2903.3548  time=4.0s

============================================================
Config: k_filter=300, medfilt=5  |  Dataset: pt_files
============================================================
  SNR=30dB  |  mae_k=   75.2475  mae_mu= 2688.7140  time=3.6s
  SNR=25dB  |  mae_k=   75.2494  mae_mu= 2686.2087  time=3.8s
  SNR=20dB  |  mae_k=   75.4783  mae_mu= 2687.7097  time=3.9s
  SNR=15dB  |  mae_k=   76.2921  mae_mu= 2736.7473  time=4.0s

============================================================
Config: k_filter=300, medfilt=5  |  Dataset: pt_files
============================================================
  SNR=30dB  |  mae_k=   70.6742  mae_mu= 2925.3356  time=3.6s
  SNR=25dB  |  mae_k=   70.6893  mae_mu= 2906.6317  time=3.7s
  SNR=20dB  |  mae_k=   70.8939  mae_mu= 2893.2869  time=3.9s
  SNR=15dB  |  mae_k=   71.6611  mae_mu= 2917.2326  time=4.0s

============================================================
Config: k_filter=300, medfilt=5  |  Dataset: pt_files
============================================================
  SNR=30dB  |  mae_k=   59.8606  mae_mu= 2973.7163  time=3.6s
  SNR=25dB  |  mae_k=   59.8875  mae_mu= 2919.4877  time=3.7s
  SNR=20dB  |  mae_k=   60.0853  mae_mu= 2896.4488  time=3.9s
  SNR=15dB  |  mae_k=   60.8302  mae_mu= 2877.5023  time=4.0s

############################################################
  CONFIG 6/15: k_filter=300.0, medfilt=7
############################################################

============================================================
Config: k_filter=300, medfilt=7  |  Dataset: pt_files
============================================================
  SNR=30dB  |  mae_k=   49.9448  mae_mu= 4780.8297  time=53.5s
  SNR=25dB  |  mae_k=   50.5821  mae_mu= 4439.9311  time=56.0s
  SNR=20dB  |  mae_k=   52.0986  mae_mu= 4252.5253  time=58.1s
  SNR=15dB  |  mae_k=   55.3558  mae_mu= 4426.4479  time=59.6s

============================================================
Config: k_filter=300, medfilt=7  |  Dataset: pt_files
============================================================
  SNR=30dB  |  mae_k=   79.6682  mae_mu= 2721.8573  time=5.6s
  SNR=25dB  |  mae_k=   79.7062  mae_mu= 2727.4809  time=5.8s
  SNR=20dB  |  mae_k=   80.0596  mae_mu= 2751.1544  time=6.0s
  SNR=15dB  |  mae_k=   81.0990  mae_mu= 2832.7205  time=6.1s

============================================================
Config: k_filter=300, medfilt=7  |  Dataset: pt_files
============================================================
  SNR=30dB  |  mae_k=   75.2466  mae_mu= 2617.8076  time=5.4s
  SNR=25dB  |  mae_k=   75.2511  mae_mu= 2617.8801  time=5.7s
  SNR=20dB  |  mae_k=   75.4730  mae_mu= 2627.0943  time=5.9s
  SNR=15dB  |  mae_k=   76.2888  mae_mu= 2666.2061  time=6.1s

============================================================
Config: k_filter=300, medfilt=7  |  Dataset: pt_files
============================================================
  SNR=30dB  |  mae_k=   70.6717  mae_mu= 2729.7761  time=5.3s
  SNR=25dB  |  mae_k=   70.6884  mae_mu= 2727.0403  time=5.6s
  SNR=20dB  |  mae_k=   70.8848  mae_mu= 2727.4767  time=5.9s
  SNR=15dB  |  mae_k=   71.6521  mae_mu= 2755.1649  time=6.0s

============================================================
Config: k_filter=300, medfilt=7  |  Dataset: pt_files
============================================================
  SNR=30dB  |  mae_k=   59.8700  mae_mu= 2654.9064  time=5.3s
  SNR=25dB  |  mae_k=   59.8883  mae_mu= 2644.2849  time=5.6s
  SNR=20dB  |  mae_k=   60.0726  mae_mu= 2635.7218  time=5.9s
  SNR=15dB  |  mae_k=   60.8440  mae_mu= 2643.8048  time=6.0s

############################################################
  CONFIG 7/15: k_filter=500.0, medfilt=3
############################################################

============================================================
Config: k_filter=500, medfilt=3  |  Dataset: pt_files
============================================================
  SNR=30dB  |  mae_k=   28.9716  mae_mu= 4003.8724  time=19.9s
  SNR=25dB  |  mae_k=   30.0921  mae_mu= 3541.8072  time=20.6s
  SNR=20dB  |  mae_k=   32.5191  mae_mu= 3277.0680  time=21.1s
  SNR=15dB  |  mae_k=   37.0635  mae_mu= 3220.4050  time=21.4s

============================================================
Config: k_filter=500, medfilt=3  |  Dataset: pt_files
============================================================
  SNR=30dB  |  mae_k=   28.6607  mae_mu= 2915.5229  time=2.1s
  SNR=25dB  |  mae_k=   28.7846  mae_mu= 2667.5746  time=2.1s
  SNR=20dB  |  mae_k=   29.1917  mae_mu= 2258.6549  time=2.2s
  SNR=15dB  |  mae_k=   30.3002  mae_mu= 1880.9839  time=2.2s

============================================================
Config: k_filter=500, medfilt=3  |  Dataset: pt_files
============================================================
  SNR=30dB  |  mae_k=   28.4111  mae_mu= 1173.5727  time=2.0s
  SNR=25dB  |  mae_k=   28.4457  mae_mu= 1092.6769  time=2.1s
  SNR=20dB  |  mae_k=   28.7053  mae_mu= 1014.7178  time=2.2s
  SNR=15dB  |  mae_k=   29.6960  mae_mu=  977.6146  time=2.2s

============================================================
Config: k_filter=500, medfilt=3  |  Dataset: pt_files
============================================================
  SNR=30dB  |  mae_k=   27.0656  mae_mu= 1404.7447  time=2.0s
  SNR=25dB  |  mae_k=   27.1125  mae_mu= 1333.8310  time=2.1s
  SNR=20dB  |  mae_k=   27.4738  mae_mu= 1242.1798  time=2.2s
  SNR=15dB  |  mae_k=   28.6177  mae_mu= 1093.8023  time=2.2s

============================================================
Config: k_filter=500, medfilt=3  |  Dataset: pt_files
============================================================
  SNR=30dB  |  mae_k=   24.2858  mae_mu= 2237.3740  time=2.0s
  SNR=25dB  |  mae_k=   24.3673  mae_mu= 2014.6505  time=2.1s
  SNR=20dB  |  mae_k=   24.7994  mae_mu= 1736.1419  time=2.1s
  SNR=15dB  |  mae_k=   26.0686  mae_mu= 1478.0016  time=2.2s

############################################################
  CONFIG 8/15: k_filter=500.0, medfilt=5
############################################################

============================================================
Config: k_filter=500, medfilt=5  |  Dataset: pt_files
============================================================
  SNR=30dB  |  mae_k=   28.9702  mae_mu= 2209.9211  time=34.4s
  SNR=25dB  |  mae_k=   30.0932  mae_mu= 2060.6418  time=36.1s
  SNR=20dB  |  mae_k=   32.5269  mae_mu= 1981.4403  time=37.5s
  SNR=15dB  |  mae_k=   37.0736  mae_mu= 2074.3071  time=38.6s

============================================================
Config: k_filter=500, medfilt=5  |  Dataset: pt_files
============================================================
  SNR=30dB  |  mae_k=   28.6760  mae_mu= 1561.3553  time=3.6s
  SNR=25dB  |  mae_k=   28.7994  mae_mu= 1421.9537  time=3.8s
  SNR=20dB  |  mae_k=   29.1774  mae_mu= 1274.0003  time=3.9s
  SNR=15dB  |  mae_k=   30.2899  mae_mu= 1165.6453  time=4.0s

============================================================
Config: k_filter=500, medfilt=5  |  Dataset: pt_files
============================================================
  SNR=30dB  |  mae_k=   28.4138  mae_mu=  855.9228  time=3.5s
  SNR=25dB  |  mae_k=   28.4341  mae_mu=  832.0433  time=3.7s
  SNR=20dB  |  mae_k=   28.7006  mae_mu=  799.6092  time=3.9s
  SNR=15dB  |  mae_k=   29.7067  mae_mu=  792.2088  time=3.9s

============================================================
Config: k_filter=500, medfilt=5  |  Dataset: pt_files
============================================================
  SNR=30dB  |  mae_k=   27.0544  mae_mu=  965.8890  time=3.5s
  SNR=25dB  |  mae_k=   27.1116  mae_mu=  917.3638  time=3.7s
  SNR=20dB  |  mae_k=   27.4662  mae_mu=  875.5358  time=3.8s
  SNR=15dB  |  mae_k=   28.6366  mae_mu=  835.3880  time=3.9s

============================================================
Config: k_filter=500, medfilt=5  |  Dataset: pt_files
============================================================
  SNR=30dB  |  mae_k=   24.2778  mae_mu= 1293.3137  time=3.5s
  SNR=25dB  |  mae_k=   24.3840  mae_mu= 1198.1408  time=3.7s
  SNR=20dB  |  mae_k=   24.7991  mae_mu= 1118.6716  time=3.8s
  SNR=15dB  |  mae_k=   26.0905  mae_mu=  999.9623  time=3.9s

############################################################
  CONFIG 9/15: k_filter=500.0, medfilt=7
############################################################

============================================================
Config: k_filter=500, medfilt=7  |  Dataset: pt_files
============================================================
  SNR=30dB  |  mae_k=   28.9690  mae_mu= 1560.1212  time=51.9s
  SNR=25dB  |  mae_k=   30.0909  mae_mu= 1498.4416  time=54.4s
  SNR=20dB  |  mae_k=   32.5235  mae_mu= 1492.5844  time=56.6s
  SNR=15dB  |  mae_k=   37.0636  mae_mu= 1614.0292  time=58.3s

============================================================
Config: k_filter=500, medfilt=7  |  Dataset: pt_files
============================================================
  SNR=30dB  |  mae_k=   28.6536  mae_mu= 1050.9785  time=5.4s
  SNR=25dB  |  mae_k=   28.7936  mae_mu=  998.7704  time=5.7s
  SNR=20dB  |  mae_k=   29.1906  mae_mu=  942.8452  time=5.9s
  SNR=15dB  |  mae_k=   30.2928  mae_mu=  893.3806  time=6.0s

============================================================
Config: k_filter=500, medfilt=7  |  Dataset: pt_files
============================================================
  SNR=30dB  |  mae_k=   28.4164  mae_mu=  741.7794  time=5.3s
  SNR=25dB  |  mae_k=   28.4278  mae_mu=  735.5024  time=5.5s
  SNR=20dB  |  mae_k=   28.7086  mae_mu=  725.1158  time=5.8s
  SNR=15dB  |  mae_k=   29.6677  mae_mu=  728.6404  time=6.0s

============================================================
Config: k_filter=500, medfilt=7  |  Dataset: pt_files
============================================================
  SNR=30dB  |  mae_k=   27.0461  mae_mu=  789.5340  time=5.2s
  SNR=25dB  |  mae_k=   27.1009  mae_mu=  773.8669  time=5.5s
  SNR=20dB  |  mae_k=   27.4589  mae_mu=  754.0695  time=5.7s
  SNR=15dB  |  mae_k=   28.6287  mae_mu=  743.6590  time=5.9s

============================================================
Config: k_filter=500, medfilt=7  |  Dataset: pt_files
============================================================
  SNR=30dB  |  mae_k=   24.2794  mae_mu=  949.7803  time=5.2s
  SNR=25dB  |  mae_k=   24.3905  mae_mu=  915.1782  time=5.5s
  SNR=20dB  |  mae_k=   24.8053  mae_mu=  865.5785  time=5.8s
  SNR=15dB  |  mae_k=   26.0734  mae_mu=  822.9609  time=5.9s

############################################################
  CONFIG 10/15: k_filter=700.0, medfilt=3
############################################################

============================================================
Config: k_filter=700, medfilt=3  |  Dataset: pt_files
============================================================
  SNR=30dB  |  mae_k=   25.4985  mae_mu= 2371.7570  time=19.4s
  SNR=25dB  |  mae_k=   27.7464  mae_mu= 2366.8788  time=19.9s
  SNR=20dB  |  mae_k=   31.8891  mae_mu= 2465.4870  time=20.5s
  SNR=15dB  |  mae_k=   38.6927  mae_mu= 2692.5913  time=20.9s

============================================================
Config: k_filter=700, medfilt=3  |  Dataset: pt_files
============================================================
  SNR=30dB  |  mae_k=   18.4718  mae_mu= 2668.8781  time=2.1s
  SNR=25dB  |  mae_k=   18.8105  mae_mu= 2207.1285  time=2.1s
  SNR=20dB  |  mae_k=   19.6822  mae_mu= 1751.7078  time=2.2s
  SNR=15dB  |  mae_k=   21.6892  mae_mu= 1384.2383  time=2.2s

============================================================
Config: k_filter=700, medfilt=3  |  Dataset: pt_files
============================================================
  SNR=30dB  |  mae_k=   19.8717  mae_mu=  960.0740  time=2.0s
  SNR=25dB  |  mae_k=   20.0872  mae_mu=  851.1403  time=2.1s
  SNR=20dB  |  mae_k=   20.8144  mae_mu=  755.4922  time=2.1s
  SNR=15dB  |  mae_k=   22.6735  mae_mu=  700.9611  time=2.2s

============================================================
Config: k_filter=700, medfilt=3  |  Dataset: pt_files
============================================================
  SNR=30dB  |  mae_k=   19.9362  mae_mu=  816.1236  time=2.0s
  SNR=25dB  |  mae_k=   20.1645  mae_mu=  750.5325  time=2.1s
  SNR=20dB  |  mae_k=   20.9150  mae_mu=  673.9151  time=2.1s
  SNR=15dB  |  mae_k=   22.8623  mae_mu=  644.7627  time=2.2s

============================================================
Config: k_filter=700, medfilt=3  |  Dataset: pt_files
============================================================
  SNR=30dB  |  mae_k=   18.6045  mae_mu= 1183.7492  time=2.0s
  SNR=25dB  |  mae_k=   18.8686  mae_mu=  995.3464  time=2.1s
  SNR=20dB  |  mae_k=   19.7378  mae_mu=  888.0544  time=2.1s
  SNR=15dB  |  mae_k=   21.8751  mae_mu=  836.8274  time=2.2s

############################################################
  CONFIG 11/15: k_filter=700.0, medfilt=5
############################################################

============================================================
Config: k_filter=700, medfilt=5  |  Dataset: pt_files
============================================================
  SNR=30dB  |  mae_k=   25.4986  mae_mu= 1351.4054  time=33.9s
  SNR=25dB  |  mae_k=   27.7500  mae_mu= 1371.8534  time=35.6s
  SNR=20dB  |  mae_k=   31.8864  mae_mu= 1467.1948  time=36.8s
  SNR=15dB  |  mae_k=   38.6980  mae_mu= 1651.2170  time=37.9s

============================================================
Config: k_filter=700, medfilt=5  |  Dataset: pt_files
============================================================
  SNR=30dB  |  mae_k=   18.4225  mae_mu= 1271.8382  time=3.6s
  SNR=25dB  |  mae_k=   18.8378  mae_mu= 1106.8750  time=3.8s
  SNR=20dB  |  mae_k=   19.7050  mae_mu=  939.3011  time=3.9s
  SNR=15dB  |  mae_k=   21.6909  mae_mu=  789.5263  time=3.9s

============================================================
Config: k_filter=700, medfilt=5  |  Dataset: pt_files
============================================================
  SNR=30dB  |  mae_k=   19.8694  mae_mu=  594.9378  time=3.5s
  SNR=25dB  |  mae_k=   20.0846  mae_mu=  559.6604  time=3.7s
  SNR=20dB  |  mae_k=   20.8008  mae_mu=  530.4594  time=3.8s
  SNR=15dB  |  mae_k=   22.6543  mae_mu=  511.2609  time=3.9s

============================================================
Config: k_filter=700, medfilt=5  |  Dataset: pt_files
============================================================
  SNR=30dB  |  mae_k=   19.9112  mae_mu=  548.1734  time=3.5s
  SNR=25dB  |  mae_k=   20.1429  mae_mu=  523.5856  time=3.6s
  SNR=20dB  |  mae_k=   20.9087  mae_mu=  501.7060  time=3.8s
  SNR=15dB  |  mae_k=   22.8577  mae_mu=  500.3504  time=3.9s

============================================================
Config: k_filter=700, medfilt=5  |  Dataset: pt_files
============================================================
  SNR=30dB  |  mae_k=   18.5913  mae_mu=  684.6806  time=3.5s
  SNR=25dB  |  mae_k=   18.8735  mae_mu=  636.9290  time=3.7s
  SNR=20dB  |  mae_k=   19.7339  mae_mu=  602.4478  time=3.8s
  SNR=15dB  |  mae_k=   21.8443  mae_mu=  580.3763  time=3.9s

############################################################
  CONFIG 12/15: k_filter=700.0, medfilt=7
############################################################

============================================================
Config: k_filter=700, medfilt=7  |  Dataset: pt_files
============================================================
  SNR=30dB  |  mae_k=   25.4985  mae_mu=  981.1574  time=51.5s
  SNR=25dB  |  mae_k=   27.7387  mae_mu= 1010.9600  time=53.6s
  SNR=20dB  |  mae_k=   31.8828  mae_mu= 1099.9470  time=55.5s
  SNR=15dB  |  mae_k=   38.7022  mae_mu= 1276.7332  time=57.1s

============================================================
Config: k_filter=700, medfilt=7  |  Dataset: pt_files
============================================================
  SNR=30dB  |  mae_k=   18.4322  mae_mu=  747.9983  time=5.4s
  SNR=25dB  |  mae_k=   18.8168  mae_mu=  693.2645  time=5.6s
  SNR=20dB  |  mae_k=   19.6888  mae_mu=  617.0061  time=5.8s
  SNR=15dB  |  mae_k=   21.6872  mae_mu=  551.5056  time=6.0s

============================================================
Config: k_filter=700, medfilt=7  |  Dataset: pt_files
============================================================
  SNR=30dB  |  mae_k=   19.8775  mae_mu=  466.6046  time=5.2s
  SNR=25dB  |  mae_k=   20.1169  mae_mu=  455.3753  time=5.5s
  SNR=20dB  |  mae_k=   20.7809  mae_mu=  445.6899  time=5.7s
  SNR=15dB  |  mae_k=   22.6392  mae_mu=  443.0343  time=5.9s

============================================================
Config: k_filter=700, medfilt=7  |  Dataset: pt_files
============================================================
  SNR=30dB  |  mae_k=   19.9156  mae_mu=  449.9195  time=5.2s
  SNR=25dB  |  mae_k=   20.1275  mae_mu=  441.9650  time=5.5s
  SNR=20dB  |  mae_k=   20.9101  mae_mu=  435.1973  time=5.7s
  SNR=15dB  |  mae_k=   22.8488  mae_mu=  439.9717  time=5.9s

============================================================
Config: k_filter=700, medfilt=7  |  Dataset: pt_files
============================================================
  SNR=30dB  |  mae_k=   18.6068  mae_mu=  512.0040  time=5.2s
  SNR=25dB  |  mae_k=   18.8779  mae_mu=  498.3790  time=5.5s
  SNR=20dB  |  mae_k=   19.7303  mae_mu=  484.2733  time=5.7s
  SNR=15dB  |  mae_k=   21.8626  mae_mu=  481.7251  time=5.9s

############################################################
  CONFIG 13/15: k_filter=1000.0, medfilt=3
############################################################

============================================================
Config: k_filter=1000, medfilt=3  |  Dataset: pt_files
============================================================
  SNR=30dB  |  mae_k=   28.9285  mae_mu= 1958.6036  time=19.2s
  SNR=25dB  |  mae_k=   34.3978  mae_mu= 2201.2954  time=19.7s
  SNR=20dB  |  mae_k=   43.1985  mae_mu= 2558.8759  time=20.2s
  SNR=15dB  |  mae_k=   56.2435  mae_mu= 2894.6611  time=20.6s

============================================================
Config: k_filter=1000, medfilt=3  |  Dataset: pt_files
============================================================
  SNR=30dB  |  mae_k=   15.2475  mae_mu= 1301.0072  time=2.0s
  SNR=25dB  |  mae_k=   16.3962  mae_mu= 1082.2238  time=2.1s
  SNR=20dB  |  mae_k=   18.7573  mae_mu=  875.0935  time=2.1s
  SNR=15dB  |  mae_k=   22.9508  mae_mu=  741.2846  time=2.1s

============================================================
Config: k_filter=1000, medfilt=3  |  Dataset: pt_files
============================================================
  SNR=30dB  |  mae_k=   18.6449  mae_mu=  562.6537  time=2.0s
  SNR=25dB  |  mae_k=   19.5237  mae_mu=  506.0431  time=2.1s
  SNR=20dB  |  mae_k=   21.6580  mae_mu=  497.5492  time=2.1s
  SNR=15dB  |  mae_k=   25.8733  mae_mu=  537.7916  time=2.1s

============================================================
Config: k_filter=1000, medfilt=3  |  Dataset: pt_files
============================================================
  SNR=30dB  |  mae_k=   20.0860  mae_mu=  528.1958  time=2.0s
  SNR=25dB  |  mae_k=   20.9811  mae_mu=  498.8249  time=2.0s
  SNR=20dB  |  mae_k=   23.2348  mae_mu=  519.7173  time=2.1s
  SNR=15dB  |  mae_k=   27.6654  mae_mu=  583.1053  time=2.1s

============================================================
Config: k_filter=1000, medfilt=3  |  Dataset: pt_files
============================================================
  SNR=30dB  |  mae_k=   19.0609  mae_mu=  688.5783  time=2.0s
  SNR=25dB  |  mae_k=   20.1971  mae_mu=  644.4866  time=2.0s
  SNR=20dB  |  mae_k=   22.8059  mae_mu=  650.0221  time=2.1s
  SNR=15dB  |  mae_k=   27.9379  mae_mu=  756.3723  time=2.1s

############################################################
  CONFIG 14/15: k_filter=1000.0, medfilt=5
############################################################

============================================================
Config: k_filter=1000, medfilt=5  |  Dataset: pt_files
============================================================
  SNR=30dB  |  mae_k=   28.9175  mae_mu= 1101.4591  time=34.8s
  SNR=25dB  |  mae_k=   34.3996  mae_mu= 1260.5238  time=36.0s
  SNR=20dB  |  mae_k=   43.1648  mae_mu= 1518.5023  time=36.9s
  SNR=15dB  |  mae_k=   56.2480  mae_mu= 1856.3690  time=37.9s

============================================================
Config: k_filter=1000, medfilt=5  |  Dataset: pt_files
============================================================
  SNR=30dB  |  mae_k=   15.2460  mae_mu=  634.3406  time=3.6s
  SNR=25dB  |  mae_k=   16.3797  mae_mu=  552.6277  time=3.7s
  SNR=20dB  |  mae_k=   18.7357  mae_mu=  473.9830  time=3.8s
  SNR=15dB  |  mae_k=   22.9742  mae_mu=  430.3811  time=3.9s

============================================================
Config: k_filter=1000, medfilt=5  |  Dataset: pt_files
============================================================
  SNR=30dB  |  mae_k=   18.6759  mae_mu=  375.4066  time=3.5s
  SNR=25dB  |  mae_k=   19.5412  mae_mu=  364.5040  time=3.7s
  SNR=20dB  |  mae_k=   21.6168  mae_mu=  364.7228  time=3.7s
  SNR=15dB  |  mae_k=   25.8410  mae_mu=  388.0524  time=3.9s

============================================================
Config: k_filter=1000, medfilt=5  |  Dataset: pt_files
============================================================
  SNR=30dB  |  mae_k=   20.0488  mae_mu=  372.3344  time=3.5s
  SNR=25dB  |  mae_k=   20.9751  mae_mu=  367.4106  time=3.6s
  SNR=20dB  |  mae_k=   23.2250  mae_mu=  380.4347  time=3.7s
  SNR=15dB  |  mae_k=   27.7295  mae_mu=  424.9545  time=3.8s

============================================================
Config: k_filter=1000, medfilt=5  |  Dataset: pt_files
============================================================
  SNR=30dB  |  mae_k=   19.0550  mae_mu=  434.8874  time=3.5s
  SNR=25dB  |  mae_k=   20.2124  mae_mu=  429.1260  time=3.6s
  SNR=20dB  |  mae_k=   22.8223  mae_mu=  445.8891  time=3.7s
  SNR=15dB  |  mae_k=   27.9068  mae_mu=  511.5685  time=3.8s

############################################################
  CONFIG 15/15: k_filter=1000.0, medfilt=7
############################################################

============================================================
Config: k_filter=1000, medfilt=7  |  Dataset: pt_files
============================================================
  SNR=30dB  |  mae_k=   28.9199  mae_mu=  845.8787  time=52.6s
  SNR=25dB  |  mae_k=   34.3831  mae_mu=  991.0175  time=54.2s
  SNR=20dB  |  mae_k=   43.1794  mae_mu= 1238.9973  time=55.8s
  SNR=15dB  |  mae_k=   56.2317  mae_mu= 1602.5495  time=57.2s

============================================================
Config: k_filter=1000, medfilt=7  |  Dataset: pt_files
============================================================
  SNR=30dB  |  mae_k=   15.2350  mae_mu=  381.8452  time=5.4s
  SNR=25dB  |  mae_k=   16.3868  mae_mu=  364.1633  time=5.6s
  SNR=20dB  |  mae_k=   18.7472  mae_mu=  337.4607  time=5.7s
  SNR=15dB  |  mae_k=   22.9247  mae_mu=  319.2499  time=5.8s

============================================================
Config: k_filter=1000, medfilt=7  |  Dataset: pt_files
============================================================
  SNR=30dB  |  mae_k=   18.6740  mae_mu=  313.4919  time=5.3s
  SNR=25dB  |  mae_k=   19.5437  mae_mu=  314.1130  time=5.5s
  SNR=20dB  |  mae_k=   21.6271  mae_mu=  321.2054  time=5.6s
  SNR=15dB  |  mae_k=   25.8562  mae_mu=  341.2455  time=5.7s

============================================================
Config: k_filter=1000, medfilt=7  |  Dataset: pt_files
============================================================
  SNR=30dB  |  mae_k=   20.0744  mae_mu=  318.4165  time=5.2s
  SNR=25dB  |  mae_k=   20.9943  mae_mu=  321.3234  time=5.5s
  SNR=20dB  |  mae_k=   23.2261  mae_mu=  335.5975  time=5.6s
  SNR=15dB  |  mae_k=   27.6765  mae_mu=  368.7260  time=5.7s

============================================================
Config: k_filter=1000, medfilt=7  |  Dataset: pt_files
============================================================
  SNR=30dB  |  mae_k=   19.0636  mae_mu=  344.6239  time=5.2s
  SNR=25dB  |  mae_k=   20.2326  mae_mu=  349.0982  time=5.4s
  SNR=20dB  |  mae_k=   22.8178  mae_mu=  366.8651  time=5.6s
  SNR=15dB  |  mae_k=   27.8771  mae_mu=  414.2462  time=5.7s

============================================================
Sweep complete! 300 rows saved to: /storage/project/r-jueda3-0/jueda3/MRE_OAGH_test/MinimalCode_3_5_2026/Model_Logs/DirectInversion_sweep_20260409_095916/direct_inversion_sweep.csv
============================================================

============================================================
BEST CONFIG PER DATASET + SNR (by mae_mu)
============================================================
  pt_files               SNR=15  →  DI_kf1000_mf7              mae_mu=   319.2  ssim_mu=0.5640
  pt_files               SNR=20  →  DI_kf1000_mf7              mae_mu=   321.2  ssim_mu=0.6179
  pt_files               SNR=25  →  DI_kf1000_mf7              mae_mu=   314.1  ssim_mu=0.6575
  pt_files               SNR=30  →  DI_kf1000_mf7              mae_mu=   313.5  ssim_mu=0.6716
---------------------------------------
Begin Slurm Epilog: Apr-09-2026 10:52:27
Job ID:        6349175
User ID:       jueda3
Account:       gts-jueda3
Job name:      di_sweep
Resources:     cpu=8,gres/gpu:h100=1,mem=40G,node=1
Rsrc Used:     cput=07:05:36,vmem=0,walltime=00:53:12,mem=10568K,energy_used=0
Partition:     gpu-h100
QOS:           inferno
Nodes:         atl1-1-01-006-29-0
---------------------------------------
